2024-12-12 23:32:07,202 - INFO - /Users/pankaj.agarwal/Desktop/Notes/Editor/main/routes.py - 83 - dashboard - Fetched 1 notes for dashboard.
2024-12-12 23:32:11,561 - INFO - /Users/pankaj.agarwal/Desktop/Notes/Editor/main/routes.py - 194 - logout - User logged out successfully.
2024-12-12 23:35:32,738 - INFO - /Users/pankaj.agarwal/Desktop/Notes/Editor/main/routes.py - 68 - register - New user registered: test10
2024-12-12 23:35:36,319 - INFO - /Users/pankaj.agarwal/Desktop/Notes/Editor/main/routes.py - 42 - login - User test10 authenticated successfully.
2024-12-12 23:35:36,323 - INFO - /Users/pankaj.agarwal/Desktop/Notes/Editor/main/routes.py - 83 - dashboard - Fetched 1 notes for dashboard.
2024-12-12 23:36:57,318 - INFO - /Users/pankaj.agarwal/Desktop/Notes/Editor/main/routes.py - 117 - view_note - Fetched note with ID: 1, Title: hello
2024-12-12 23:36:57,362 - INFO - /Users/pankaj.agarwal/Desktop/Notes/Editor/main/routes.py - 160 - join - User joined note room with ID: 1
2024-12-12 23:37:00,455 - INFO - /Users/pankaj.agarwal/Desktop/Notes/Editor/main/routes.py - 176 - edit_note - Note with ID 1 updated via WebSocket.
2024-12-12 23:37:01,299 - INFO - /Users/pankaj.agarwal/Desktop/Notes/Editor/main/routes.py - 176 - edit_note - Note with ID 1 updated via WebSocket.
2024-12-12 23:37:01,477 - INFO - /Users/pankaj.agarwal/Desktop/Notes/Editor/main/routes.py - 176 - edit_note - Note with ID 1 updated via WebSocket.
2024-12-12 23:37:01,726 - INFO - /Users/pankaj.agarwal/Desktop/Notes/Editor/main/routes.py - 176 - edit_note - Note with ID 1 updated via WebSocket.
2024-12-12 23:37:01,874 - INFO - /Users/pankaj.agarwal/Desktop/Notes/Editor/main/routes.py - 176 - edit_note - Note with ID 1 updated via WebSocket.
2024-12-12 23:37:01,993 - INFO - /Users/pankaj.agarwal/Desktop/Notes/Editor/main/routes.py - 176 - edit_note - Note with ID 1 updated via WebSocket.
2024-12-12 23:37:02,294 - INFO - /Users/pankaj.agarwal/Desktop/Notes/Editor/main/routes.py - 176 - edit_note - Note with ID 1 updated via WebSocket.
2024-12-12 23:37:02,426 - INFO - /Users/pankaj.agarwal/Desktop/Notes/Editor/main/routes.py - 176 - edit_note - Note with ID 1 updated via WebSocket.
2024-12-12 23:37:02,547 - INFO - /Users/pankaj.agarwal/Desktop/Notes/Editor/main/routes.py - 176 - edit_note - Note with ID 1 updated via WebSocket.
2024-12-12 23:37:02,691 - INFO - /Users/pankaj.agarwal/Desktop/Notes/Editor/main/routes.py - 176 - edit_note - Note with ID 1 updated via WebSocket.
2024-12-12 23:37:02,830 - INFO - /Users/pankaj.agarwal/Desktop/Notes/Editor/main/routes.py - 176 - edit_note - Note with ID 1 updated via WebSocket.
2024-12-12 23:37:02,896 - INFO - /Users/pankaj.agarwal/Desktop/Notes/Editor/main/routes.py - 176 - edit_note - Note with ID 1 updated via WebSocket.
2024-12-12 23:37:02,964 - INFO - /Users/pankaj.agarwal/Desktop/Notes/Editor/main/routes.py - 176 - edit_note - Note with ID 1 updated via WebSocket.
2024-12-12 23:37:03,105 - INFO - /Users/pankaj.agarwal/Desktop/Notes/Editor/main/routes.py - 176 - edit_note - Note with ID 1 updated via WebSocket.
2024-12-12 23:37:03,575 - INFO - /Users/pankaj.agarwal/Desktop/Notes/Editor/main/routes.py - 176 - edit_note - Note with ID 1 updated via WebSocket.
2024-12-12 23:37:03,764 - INFO - /Users/pankaj.agarwal/Desktop/Notes/Editor/main/routes.py - 176 - edit_note - Note with ID 1 updated via WebSocket.
2024-12-12 23:37:03,861 - INFO - /Users/pankaj.agarwal/Desktop/Notes/Editor/main/routes.py - 176 - edit_note - Note with ID 1 updated via WebSocket.
2024-12-12 23:37:03,965 - INFO - /Users/pankaj.agarwal/Desktop/Notes/Editor/main/routes.py - 176 - edit_note - Note with ID 1 updated via WebSocket.
2024-12-12 23:37:04,925 - INFO - /Users/pankaj.agarwal/Desktop/Notes/Editor/main/routes.py - 176 - edit_note - Note with ID 1 updated via WebSocket.
2024-12-12 23:37:05,028 - INFO - /Users/pankaj.agarwal/Desktop/Notes/Editor/main/routes.py - 176 - edit_note - Note with ID 1 updated via WebSocket.
2024-12-12 23:37:05,150 - INFO - /Users/pankaj.agarwal/Desktop/Notes/Editor/main/routes.py - 176 - edit_note - Note with ID 1 updated via WebSocket.
2024-12-12 23:37:05,180 - INFO - /Users/pankaj.agarwal/Desktop/Notes/Editor/main/routes.py - 176 - edit_note - Note with ID 1 updated via WebSocket.
2024-12-12 23:37:05,337 - INFO - /Users/pankaj.agarwal/Desktop/Notes/Editor/main/routes.py - 176 - edit_note - Note with ID 1 updated via WebSocket.
2024-12-12 23:38:26,496 - WARNING - /Users/pankaj.agarwal/Desktop/Notes/Editor/main/routes.py - 44 - login - Authentication failed for username: note10
2024-12-12 23:38:34,455 - WARNING - /Users/pankaj.agarwal/Desktop/Notes/Editor/main/routes.py - 44 - login - Authentication failed for username: note10
2024-12-12 23:38:50,843 - INFO - /Users/pankaj.agarwal/Desktop/Notes/Editor/main/routes.py - 68 - register - New user registered: note11
2024-12-12 23:38:57,180 - INFO - /Users/pankaj.agarwal/Desktop/Notes/Editor/main/routes.py - 42 - login - User note11 authenticated successfully.
2024-12-12 23:38:57,437 - INFO - /Users/pankaj.agarwal/Desktop/Notes/Editor/main/routes.py - 83 - dashboard - Fetched 1 notes for dashboard.
2024-12-12 23:38:59,795 - INFO - /Users/pankaj.agarwal/Desktop/Notes/Editor/main/routes.py - 117 - view_note - Fetched note with ID: 1, Title: hello
2024-12-12 23:38:59,848 - INFO - /Users/pankaj.agarwal/Desktop/Notes/Editor/main/routes.py - 160 - join - User joined note room with ID: 1
2024-12-12 23:39:56,137 - INFO - /Users/pankaj.agarwal/Desktop/Notes/Editor/main/routes.py - 176 - edit_note - Note with ID 1 updated via WebSocket.
2024-12-12 23:46:56,987 - INFO - /Users/pankaj.agarwal/Desktop/Notes/Editor/main/routes.py - 117 - view_note - Fetched note with ID: 1, Title: hello
2024-12-12 23:46:57,009 - INFO - /Users/pankaj.agarwal/Desktop/Notes/Editor/main/routes.py - 160 - join - User joined note room with ID: 1
2024-12-12 23:46:59,979 - INFO - /Users/pankaj.agarwal/Desktop/Notes/Editor/main/routes.py - 142 - save_note - Note with ID 1 updated successfully.
2024-12-12 23:47:03,683 - INFO - /Users/pankaj.agarwal/Desktop/Notes/Editor/main/routes.py - 83 - dashboard - Fetched 1 notes for dashboard.
2024-12-12 23:47:04,718 - INFO - /Users/pankaj.agarwal/Desktop/Notes/Editor/main/routes.py - 194 - logout - User logged out successfully.
2024-12-12 23:48:49,169 - WARNING - /Users/pankaj.agarwal/Desktop/Notes/Editor/main/routes.py - 44 - login - Authentication failed for username: test9
2024-12-12 23:48:56,888 - WARNING - /Users/pankaj.agarwal/Desktop/Notes/Editor/main/routes.py - 44 - login - Authentication failed for username: test11
2024-12-12 23:49:02,044 - WARNING - /Users/pankaj.agarwal/Desktop/Notes/Editor/main/routes.py - 44 - login - Authentication failed for username: test11
2024-12-12 23:49:08,661 - WARNING - /Users/pankaj.agarwal/Desktop/Notes/Editor/main/routes.py - 44 - login - Authentication failed for username: test11
2024-12-12 23:49:20,815 - INFO - /Users/pankaj.agarwal/Desktop/Notes/Editor/main/routes.py - 68 - register - New user registered: test12
2024-12-12 23:49:30,006 - INFO - /Users/pankaj.agarwal/Desktop/Notes/Editor/main/routes.py - 42 - login - User test12 authenticated successfully.
2024-12-12 23:49:30,009 - INFO - /Users/pankaj.agarwal/Desktop/Notes/Editor/main/routes.py - 83 - dashboard - Fetched 1 notes for dashboard.
2024-12-12 23:51:22,396 - INFO - /Users/pankaj.agarwal/Desktop/Notes/Editor/main/routes.py - 83 - dashboard - Fetched 1 notes for dashboard.
2024-12-12 23:52:10,789 - INFO - /Users/pankaj.agarwal/Desktop/Notes/Editor/main/routes.py - 83 - dashboard - Fetched 1 notes for dashboard.
2024-12-12 23:52:13,534 - INFO - /Users/pankaj.agarwal/Desktop/Notes/Editor/main/routes.py - 83 - dashboard - Fetched 1 notes for dashboard.
2024-12-12 23:52:41,144 - INFO - /Users/pankaj.agarwal/Desktop/Notes/Editor/main/routes.py - 83 - dashboard - Fetched 1 notes for dashboard.
2024-12-12 23:54:27,669 - INFO - /Users/pankaj.agarwal/Desktop/Notes/Editor/main/routes.py - 194 - logout - User logged out successfully.
2024-12-12 23:55:44,035 - INFO - /Users/pankaj.agarwal/Desktop/Notes/Editor/main/routes.py - 68 - register - New user registered: test14
2024-12-12 23:55:50,302 - INFO - /Users/pankaj.agarwal/Desktop/Notes/Editor/main/routes.py - 42 - login - User test14 authenticated successfully.
2024-12-12 23:55:50,304 - INFO - /Users/pankaj.agarwal/Desktop/Notes/Editor/main/routes.py - 83 - dashboard - Fetched 1 notes for dashboard.
2024-12-12 23:57:40,957 - INFO - /Users/pankaj.agarwal/Desktop/Notes/Editor/main/routes.py - 83 - dashboard - Fetched 1 notes for dashboard.
2024-12-12 23:58:06,260 - INFO - /Users/pankaj.agarwal/Desktop/Notes/Editor/main/routes.py - 194 - logout - User logged out successfully.
2024-12-13 00:02:24,059 - INFO - /Users/pankaj.agarwal/Desktop/Notes/Editor/main/routes.py - 42 - login - User test14 authenticated successfully.
2024-12-13 00:02:24,064 - INFO - /Users/pankaj.agarwal/Desktop/Notes/Editor/main/routes.py - 83 - dashboard - Fetched 1 notes for dashboard.
2024-12-13 00:03:43,220 - INFO - /Users/pankaj.agarwal/Desktop/Notes/Editor/main/routes.py - 117 - view_note - Fetched note with ID: 1, Title: hello
2024-12-13 00:03:43,262 - INFO - /Users/pankaj.agarwal/Desktop/Notes/Editor/main/routes.py - 160 - join - User joined note room with ID: 1
2024-12-13 00:04:20,650 - INFO - /Users/pankaj.agarwal/Desktop/Notes/Editor/main/routes.py - 142 - save_note - Note with ID 1 updated successfully.
2024-12-13 00:04:22,957 - INFO - /Users/pankaj.agarwal/Desktop/Notes/Editor/main/routes.py - 142 - save_note - Note with ID 1 updated successfully.
2024-12-13 00:04:27,408 - INFO - /Users/pankaj.agarwal/Desktop/Notes/Editor/main/routes.py - 194 - logout - User logged out successfully.
2024-12-13 00:06:22,490 - WARNING - /Users/pankaj.agarwal/Desktop/Notes/Editor/main/routes.py - 44 - login - Authentication failed for username: test14
2024-12-13 00:06:28,548 - INFO - /Users/pankaj.agarwal/Desktop/Notes/Editor/main/routes.py - 42 - login - User test14 authenticated successfully.
2024-12-13 00:06:28,550 - INFO - /Users/pankaj.agarwal/Desktop/Notes/Editor/main/routes.py - 83 - dashboard - Fetched 1 notes for dashboard.
2024-12-13 00:06:42,282 - INFO - /Users/pankaj.agarwal/Desktop/Notes/Editor/main/routes.py - 117 - view_note - Fetched note with ID: 1, Title: hello
2024-12-13 00:06:42,315 - INFO - /Users/pankaj.agarwal/Desktop/Notes/Editor/main/routes.py - 160 - join - User joined note room with ID: 1
2024-12-13 00:06:43,086 - INFO - /Users/pankaj.agarwal/Desktop/Notes/Editor/main/routes.py - 142 - save_note - Note with ID 1 updated successfully.
2024-12-13 00:08:26,024 - INFO - /Users/pankaj.agarwal/Desktop/Notes/Editor/main/routes.py - 117 - view_note - Fetched note with ID: 1, Title: hello
2024-12-13 00:08:30,117 - INFO - /Users/pankaj.agarwal/Desktop/Notes/Editor/main/routes.py - 117 - view_note - Fetched note with ID: 1, Title: hello
2024-12-13 00:08:33,268 - INFO - /Users/pankaj.agarwal/Desktop/Notes/Editor/main/routes.py - 83 - dashboard - Fetched 1 notes for dashboard.
2024-12-13 00:08:35,744 - INFO - /Users/pankaj.agarwal/Desktop/Notes/Editor/main/routes.py - 117 - view_note - Fetched note with ID: 1, Title: hello
2024-12-13 00:08:36,975 - INFO - /Users/pankaj.agarwal/Desktop/Notes/Editor/main/routes.py - 160 - join - User joined note room with ID: 1
2024-12-13 00:08:38,301 - INFO - /Users/pankaj.agarwal/Desktop/Notes/Editor/main/routes.py - 142 - save_note - Note with ID 1 updated successfully.
2024-12-13 00:08:39,701 - INFO - /Users/pankaj.agarwal/Desktop/Notes/Editor/main/routes.py - 83 - dashboard - Fetched 1 notes for dashboard.
